C:\USERS\YANG\DOCUMENTS\GITHUB\MASSCOMP\MASSCOMP\DEBUG\MAIN.OBJ
C:\USERS\YANG\DOCUMENTS\GITHUB\MASSCOMP\MASSCOMP\DEBUG\TINYXML2.OBJ
C:\USERS\YANG\DOCUMENTS\GITHUB\MASSCOMP\MASSCOMP\DEBUG\VC110.PDB
C:\USERS\YANG\DOCUMENTS\GITHUB\MASSCOMP\DEBUG\MASSCOMP.ILK
C:\USERS\YANG\DOCUMENTS\GITHUB\MASSCOMP\DEBUG\MASSCOMP.EXE
C:\USERS\YANG\DOCUMENTS\GITHUB\MASSCOMP\DEBUG\MASSCOMP.PDB
C:\Users\Yang\Documents\GitHub\MassComp\MassComp\Debug\main.obj
C:\Users\Yang\Documents\GitHub\MassComp\MassComp\Debug\tinyxml2.obj
C:\Users\Yang\Documents\GitHub\MassComp\MassComp\Debug\cl.command.1.tlog
C:\Users\Yang\Documents\GitHub\MassComp\MassComp\Debug\CL.read.1.tlog
C:\Users\Yang\Documents\GitHub\MassComp\MassComp\Debug\CL.write.1.tlog
C:\Users\Yang\Documents\GitHub\MassComp\MassComp\Debug\link-cvtres.read.1.tlog
C:\Users\Yang\Documents\GitHub\MassComp\MassComp\Debug\link-cvtres.write.1.tlog
C:\Users\Yang\Documents\GitHub\MassComp\MassComp\Debug\link-rc.read.1.tlog
C:\Users\Yang\Documents\GitHub\MassComp\MassComp\Debug\link-rc.write.1.tlog
C:\Users\Yang\Documents\GitHub\MassComp\MassComp\Debug\link.command.1.tlog
C:\Users\Yang\Documents\GitHub\MassComp\MassComp\Debug\link.read.1.tlog
C:\Users\Yang\Documents\GitHub\MassComp\MassComp\Debug\link.write.1.tlog
C:\Users\Yang\Documents\GitHub\MassComp\MassComp\Debug\vc110.idb
C:\Users\Yang\Documents\GitHub\MassComp\MassComp\Debug\vc110.pdb
C:\Users\Yang\Documents\GitHub\MassComp\Debug\MassComp.pdb
C:\Users\Yang\Documents\GitHub\MassComp\Debug\MassComp.exe
C:\Users\Yang\Documents\GitHub\MassComp\Debug\MassComp.ilk
